{"C:\\Users\\Sharky\\praca\\backend\\index.js": {"path":"C:\\Users\\Sharky\\praca\\backend\\index.js","statementMap":{"0":{"start":{"line":1,"column":16},"end":{"line":1,"column":34}},"1":{"start":{"line":2,"column":12},"end":{"line":2,"column":21}},"2":{"start":{"line":3,"column":0},"end":{"line":3,"column":27}},"3":{"start":{"line":5,"column":0},"end":{"line":5,"column":24}},"4":{"start":{"line":8,"column":0},"end":{"line":10,"column":3}},"5":{"start":{"line":9,"column":2},"end":{"line":9,"column":29}},"6":{"start":{"line":12,"column":13},"end":{"line":12,"column":17}},"7":{"start":{"line":13,"column":0},"end":{"line":15,"column":3}},"8":{"start":{"line":14,"column":2},"end":{"line":14,"column":49}}},"fnMap":{"0":{"name":"(anonymous_0)","decl":{"start":{"line":8,"column":13},"end":{"line":8,"column":14}},"loc":{"start":{"line":8,"column":27},"end":{"line":10,"column":1}},"line":8},"1":{"name":"(anonymous_1)","decl":{"start":{"line":13,"column":17},"end":{"line":13,"column":18}},"loc":{"start":{"line":13,"column":23},"end":{"line":15,"column":1}},"line":13}},"branchMap":{},"s":{"0":0,"1":0,"2":0,"3":0,"4":0,"5":0,"6":0,"7":0,"8":0},"f":{"0":0,"1":0},"b":{}}
,"C:\\Users\\Sharky\\praca\\backend\\config\\db.js": {"path":"C:\\Users\\Sharky\\praca\\backend\\config\\db.js","statementMap":{"0":{"start":{"line":1,"column":22},"end":{"line":1,"column":42}},"1":{"start":{"line":2,"column":0},"end":{"line":2,"column":27}},"2":{"start":{"line":4,"column":18},"end":{"line":8,"column":2}},"3":{"start":{"line":10,"column":0},"end":{"line":12,"column":65}},"4":{"start":{"line":11,"column":14},"end":{"line":11,"column":53}},"5":{"start":{"line":12,"column":18},"end":{"line":12,"column":63}},"6":{"start":{"line":14,"column":0},"end":{"line":14,"column":27}}},"fnMap":{"0":{"name":"(anonymous_0)","decl":{"start":{"line":11,"column":8},"end":{"line":11,"column":9}},"loc":{"start":{"line":11,"column":14},"end":{"line":11,"column":53}},"line":11},"1":{"name":"(anonymous_1)","decl":{"start":{"line":12,"column":9},"end":{"line":12,"column":10}},"loc":{"start":{"line":12,"column":18},"end":{"line":12,"column":63}},"line":12}},"branchMap":{},"s":{"0":1,"1":1,"2":1,"3":1,"4":0,"5":0,"6":1},"f":{"0":0,"1":0},"b":{},"_coverageSchema":"1a1c01bbd47fc00a2c39e90264f33305004495a9","hash":"44cc4bb685a9bc411326cd0e1cfdd0aa70ba407e"}
,"C:\\Users\\Sharky\\praca\\backend\\controllers\\authController.js": {"path":"C:\\Users\\Sharky\\praca\\backend\\controllers\\authController.js","statementMap":{"0":{"start":{"line":1,"column":15},"end":{"line":1,"column":32}},"1":{"start":{"line":2,"column":12},"end":{"line":2,"column":35}},"2":{"start":{"line":3,"column":13},"end":{"line":3,"column":39}},"3":{"start":{"line":6,"column":0},"end":{"line":41,"column":2}},"4":{"start":{"line":7,"column":2},"end":{"line":40,"column":3}},"5":{"start":{"line":8,"column":65},"end":{"line":8,"column":73}},"6":{"start":{"line":11,"column":23},"end":{"line":11,"column":63}},"7":{"start":{"line":12,"column":4},"end":{"line":14,"column":5}},"8":{"start":{"line":13,"column":6},"end":{"line":13,"column":74}},"9":{"start":{"line":17,"column":27},"end":{"line":17,"column":58}},"10":{"start":{"line":20,"column":20},"end":{"line":27,"column":6}},"11":{"start":{"line":31,"column":52},"end":{"line":31,"column":68}},"12":{"start":{"line":33,"column":4},"end":{"line":36,"column":7}},"13":{"start":{"line":38,"column":4},"end":{"line":38,"column":46}},"14":{"start":{"line":39,"column":4},"end":{"line":39,"column":54}},"15":{"start":{"line":44,"column":0},"end":{"line":70,"column":2}},"16":{"start":{"line":45,"column":2},"end":{"line":69,"column":3}},"17":{"start":{"line":46,"column":32},"end":{"line":46,"column":40}},"18":{"start":{"line":49,"column":17},"end":{"line":49,"column":57}},"19":{"start":{"line":50,"column":4},"end":{"line":52,"column":5}},"20":{"start":{"line":51,"column":6},"end":{"line":51,"column":81}},"21":{"start":{"line":55,"column":20},"end":{"line":55,"column":65}},"22":{"start":{"line":56,"column":4},"end":{"line":58,"column":5}},"23":{"start":{"line":57,"column":6},"end":{"line":57,"column":81}},"24":{"start":{"line":61,"column":18},"end":{"line":63,"column":6}},"25":{"start":{"line":65,"column":4},"end":{"line":65,"column":79}},"26":{"start":{"line":67,"column":4},"end":{"line":67,"column":44}},"27":{"start":{"line":68,"column":4},"end":{"line":68,"column":54}},"28":{"start":{"line":73,"column":2},"end":{"line":95,"column":2}},"29":{"start":{"line":74,"column":2},"end":{"line":94,"column":3}},"30":{"start":{"line":75,"column":35},"end":{"line":75,"column":43}},"31":{"start":{"line":78,"column":17},"end":{"line":78,"column":57}},"32":{"start":{"line":79,"column":4},"end":{"line":81,"column":5}},"33":{"start":{"line":80,"column":6},"end":{"line":80,"column":83}},"34":{"start":{"line":84,"column":27},"end":{"line":84,"column":61}},"35":{"start":{"line":87,"column":4},"end":{"line":87,"column":35}},"36":{"start":{"line":88,"column":4},"end":{"line":88,"column":22}},"37":{"start":{"line":90,"column":4},"end":{"line":90,"column":67}},"38":{"start":{"line":92,"column":4},"end":{"line":92,"column":52}},"39":{"start":{"line":93,"column":4},"end":{"line":93,"column":54}},"40":{"start":{"line":98,"column":0},"end":{"line":123,"column":2}},"41":{"start":{"line":99,"column":2},"end":{"line":122,"column":3}},"42":{"start":{"line":100,"column":19},"end":{"line":100,"column":27}},"43":{"start":{"line":101,"column":37},"end":{"line":101,"column":45}},"44":{"start":{"line":104,"column":17},"end":{"line":104,"column":40}},"45":{"start":{"line":105,"column":4},"end":{"line":107,"column":5}},"46":{"start":{"line":106,"column":6},"end":{"line":106,"column":83}},"47":{"start":{"line":110,"column":4},"end":{"line":110,"column":31}},"48":{"start":{"line":110,"column":14},"end":{"line":110,"column":31}},"49":{"start":{"line":111,"column":4},"end":{"line":111,"column":61}},"50":{"start":{"line":111,"column":24},"end":{"line":111,"column":61}},"51":{"start":{"line":113,"column":4},"end":{"line":113,"column":22}},"52":{"start":{"line":116,"column":49},"end":{"line":116,"column":62}},"53":{"start":{"line":118,"column":4},"end":{"line":118,"column":97}},"54":{"start":{"line":120,"column":4},"end":{"line":120,"column":55}},"55":{"start":{"line":121,"column":4},"end":{"line":121,"column":54}},"56":{"start":{"line":126,"column":0},"end":{"line":151,"column":2}},"57":{"start":{"line":127,"column":2},"end":{"line":150,"column":3}},"58":{"start":{"line":128,"column":19},"end":{"line":128,"column":27}},"59":{"start":{"line":129,"column":25},"end":{"line":129,"column":33}},"60":{"start":{"line":132,"column":17},"end":{"line":132,"column":40}},"61":{"start":{"line":133,"column":4},"end":{"line":135,"column":5}},"62":{"start":{"line":134,"column":6},"end":{"line":134,"column":83}},"63":{"start":{"line":138,"column":20},"end":{"line":138,"column":65}},"64":{"start":{"line":139,"column":4},"end":{"line":141,"column":5}},"65":{"start":{"line":140,"column":6},"end":{"line":140,"column":70}},"66":{"start":{"line":144,"column":4},"end":{"line":144,"column":25}},"67":{"start":{"line":146,"column":4},"end":{"line":146,"column":71}},"68":{"start":{"line":148,"column":4},"end":{"line":148,"column":49}},"69":{"start":{"line":149,"column":4},"end":{"line":149,"column":54}},"70":{"start":{"line":154,"column":0},"end":{"line":162,"column":2}},"71":{"start":{"line":155,"column":2},"end":{"line":161,"column":3}},"72":{"start":{"line":157,"column":4},"end":{"line":157,"column":63}},"73":{"start":{"line":159,"column":4},"end":{"line":159,"column":46}},"74":{"start":{"line":160,"column":4},"end":{"line":160,"column":74}}},"fnMap":{"0":{"name":"(anonymous_0)","decl":{"start":{"line":6,"column":19},"end":{"line":6,"column":20}},"loc":{"start":{"line":6,"column":39},"end":{"line":41,"column":1}},"line":6},"1":{"name":"(anonymous_1)","decl":{"start":{"line":44,"column":16},"end":{"line":44,"column":17}},"loc":{"start":{"line":44,"column":36},"end":{"line":70,"column":1}},"line":44},"2":{"name":"(anonymous_2)","decl":{"start":{"line":73,"column":26},"end":{"line":73,"column":27}},"loc":{"start":{"line":73,"column":46},"end":{"line":95,"column":1}},"line":73},"3":{"name":"(anonymous_3)","decl":{"start":{"line":98,"column":24},"end":{"line":98,"column":25}},"loc":{"start":{"line":98,"column":44},"end":{"line":123,"column":1}},"line":98},"4":{"name":"(anonymous_4)","decl":{"start":{"line":126,"column":24},"end":{"line":126,"column":25}},"loc":{"start":{"line":126,"column":44},"end":{"line":151,"column":1}},"line":126},"5":{"name":"(anonymous_5)","decl":{"start":{"line":154,"column":17},"end":{"line":154,"column":18}},"loc":{"start":{"line":154,"column":31},"end":{"line":162,"column":1}},"line":154}},"branchMap":{"0":{"loc":{"start":{"line":12,"column":4},"end":{"line":14,"column":5}},"type":"if","locations":[{"start":{"line":12,"column":4},"end":{"line":14,"column":5}},{"start":{},"end":{}}],"line":12},"1":{"loc":{"start":{"line":50,"column":4},"end":{"line":52,"column":5}},"type":"if","locations":[{"start":{"line":50,"column":4},"end":{"line":52,"column":5}},{"start":{},"end":{}}],"line":50},"2":{"loc":{"start":{"line":56,"column":4},"end":{"line":58,"column":5}},"type":"if","locations":[{"start":{"line":56,"column":4},"end":{"line":58,"column":5}},{"start":{},"end":{}}],"line":56},"3":{"loc":{"start":{"line":79,"column":4},"end":{"line":81,"column":5}},"type":"if","locations":[{"start":{"line":79,"column":4},"end":{"line":81,"column":5}},{"start":{},"end":{}}],"line":79},"4":{"loc":{"start":{"line":105,"column":4},"end":{"line":107,"column":5}},"type":"if","locations":[{"start":{"line":105,"column":4},"end":{"line":107,"column":5}},{"start":{},"end":{}}],"line":105},"5":{"loc":{"start":{"line":110,"column":4},"end":{"line":110,"column":31}},"type":"if","locations":[{"start":{"line":110,"column":4},"end":{"line":110,"column":31}},{"start":{},"end":{}}],"line":110},"6":{"loc":{"start":{"line":111,"column":4},"end":{"line":111,"column":61}},"type":"if","locations":[{"start":{"line":111,"column":4},"end":{"line":111,"column":61}},{"start":{},"end":{}}],"line":111},"7":{"loc":{"start":{"line":133,"column":4},"end":{"line":135,"column":5}},"type":"if","locations":[{"start":{"line":133,"column":4},"end":{"line":135,"column":5}},{"start":{},"end":{}}],"line":133},"8":{"loc":{"start":{"line":139,"column":4},"end":{"line":141,"column":5}},"type":"if","locations":[{"start":{"line":139,"column":4},"end":{"line":141,"column":5}},{"start":{},"end":{}}],"line":139}},"s":{"0":1,"1":1,"2":1,"3":1,"4":0,"5":0,"6":0,"7":0,"8":0,"9":0,"10":0,"11":0,"12":0,"13":0,"14":0,"15":1,"16":0,"17":0,"18":0,"19":0,"20":0,"21":0,"22":0,"23":0,"24":0,"25":0,"26":0,"27":0,"28":1,"29":0,"30":0,"31":0,"32":0,"33":0,"34":0,"35":0,"36":0,"37":0,"38":0,"39":0,"40":1,"41":0,"42":0,"43":0,"44":0,"45":0,"46":0,"47":0,"48":0,"49":0,"50":0,"51":0,"52":0,"53":0,"54":0,"55":0,"56":1,"57":0,"58":0,"59":0,"60":0,"61":0,"62":0,"63":0,"64":0,"65":0,"66":0,"67":0,"68":0,"69":0,"70":1,"71":0,"72":0,"73":0,"74":0},"f":{"0":0,"1":0,"2":0,"3":0,"4":0,"5":0},"b":{"0":[0,0],"1":[0,0],"2":[0,0],"3":[0,0],"4":[0,0],"5":[0,0],"6":[0,0],"7":[0,0],"8":[0,0]},"_coverageSchema":"1a1c01bbd47fc00a2c39e90264f33305004495a9","hash":"57ace2134ea420349f64ebb781bffa0b3e805d19"}
,"C:\\Users\\Sharky\\praca\\backend\\middleware\\authMiddleware.js": {"path":"C:\\Users\\Sharky\\praca\\backend\\middleware\\authMiddleware.js","statementMap":{"0":{"start":{"line":1,"column":12},"end":{"line":1,"column":35}},"1":{"start":{"line":3,"column":0},"end":{"line":16,"column":2}},"2":{"start":{"line":4,"column":16},"end":{"line":4,"column":56}},"3":{"start":{"line":5,"column":2},"end":{"line":7,"column":3}},"4":{"start":{"line":6,"column":4},"end":{"line":6,"column":84}},"5":{"start":{"line":9,"column":2},"end":{"line":15,"column":3}},"6":{"start":{"line":10,"column":20},"end":{"line":10,"column":61}},"7":{"start":{"line":11,"column":4},"end":{"line":11,"column":23}},"8":{"start":{"line":12,"column":4},"end":{"line":12,"column":11}},"9":{"start":{"line":14,"column":4},"end":{"line":14,"column":61}}},"fnMap":{"0":{"name":"(anonymous_0)","decl":{"start":{"line":3,"column":25},"end":{"line":3,"column":26}},"loc":{"start":{"line":3,"column":45},"end":{"line":16,"column":1}},"line":3}},"branchMap":{"0":{"loc":{"start":{"line":5,"column":2},"end":{"line":7,"column":3}},"type":"if","locations":[{"start":{"line":5,"column":2},"end":{"line":7,"column":3}},{"start":{},"end":{}}],"line":5}},"s":{"0":1,"1":1,"2":0,"3":0,"4":0,"5":0,"6":0,"7":0,"8":0,"9":0},"f":{"0":0},"b":{"0":[0,0]},"_coverageSchema":"1a1c01bbd47fc00a2c39e90264f33305004495a9","hash":"5ddc00000d93b4740b5ce86db450b9d252ff4714"}
,"C:\\Users\\Sharky\\praca\\backend\\middleware\\logActivityMiddleware.js": {"path":"C:\\Users\\Sharky\\praca\\backend\\middleware\\logActivityMiddleware.js","statementMap":{"0":{"start":{"line":1,"column":21},"end":{"line":1,"column":54}},"1":{"start":{"line":3,"column":20},"end":{"line":15,"column":1}},"2":{"start":{"line":4,"column":2},"end":{"line":14,"column":3}},"3":{"start":{"line":5,"column":19},"end":{"line":5,"column":27}},"4":{"start":{"line":6,"column":19},"end":{"line":6,"column":53}},"5":{"start":{"line":8,"column":4},"end":{"line":8,"column":54}},"6":{"start":{"line":10,"column":4},"end":{"line":10,"column":11}},"7":{"start":{"line":12,"column":4},"end":{"line":12,"column":55}},"8":{"start":{"line":13,"column":4},"end":{"line":13,"column":11}},"9":{"start":{"line":17,"column":0},"end":{"line":17,"column":29}}},"fnMap":{"0":{"name":"(anonymous_0)","decl":{"start":{"line":3,"column":20},"end":{"line":3,"column":21}},"loc":{"start":{"line":3,"column":46},"end":{"line":15,"column":1}},"line":3}},"branchMap":{},"s":{"0":1,"1":1,"2":0,"3":0,"4":0,"5":0,"6":0,"7":0,"8":0,"9":1},"f":{"0":0},"b":{},"_coverageSchema":"1a1c01bbd47fc00a2c39e90264f33305004495a9","hash":"de589999d818c46a16aa9f868bf7c16c9506038a"}
,"C:\\Users\\Sharky\\praca\\backend\\models\\UserActivity.js": {"path":"C:\\Users\\Sharky\\praca\\backend\\models\\UserActivity.js","statementMap":{"0":{"start":{"line":1,"column":22},"end":{"line":1,"column":42}},"1":{"start":{"line":2,"column":18},"end":{"line":2,"column":41}},"2":{"start":{"line":4,"column":21},"end":{"line":17,"column":2}},"3":{"start":{"line":19,"column":0},"end":{"line":19,"column":30}}},"fnMap":{},"branchMap":{},"s":{"0":1,"1":1,"2":1,"3":1},"f":{},"b":{},"_coverageSchema":"1a1c01bbd47fc00a2c39e90264f33305004495a9","hash":"3dafbc5823e7b12fb4b453df6f7f881eec424b48"}
,"C:\\Users\\Sharky\\praca\\backend\\models\\Users.js": {"path":"C:\\Users\\Sharky\\praca\\backend\\models\\Users.js","statementMap":{"0":{"start":{"line":1,"column":22},"end":{"line":1,"column":42}},"1":{"start":{"line":2,"column":18},"end":{"line":2,"column":41}},"2":{"start":{"line":4,"column":13},"end":{"line":33,"column":2}},"3":{"start":{"line":35,"column":0},"end":{"line":35,"column":22}}},"fnMap":{},"branchMap":{},"s":{"0":1,"1":1,"2":1,"3":1},"f":{},"b":{},"_coverageSchema":"1a1c01bbd47fc00a2c39e90264f33305004495a9","hash":"0c88f31a1521e4455f0885ba78fc8d603ad73b72"}
,"C:\\Users\\Sharky\\praca\\backend\\routes\\auth.js": {"path":"C:\\Users\\Sharky\\praca\\backend\\routes\\auth.js","statementMap":{"0":{"start":{"line":1,"column":16},"end":{"line":1,"column":34}},"1":{"start":{"line":2,"column":35},"end":{"line":2,"column":63}},"2":{"start":{"line":3,"column":81},"end":{"line":3,"column":121}},"3":{"start":{"line":4,"column":15},"end":{"line":4,"column":31}},"4":{"start":{"line":5,"column":27},"end":{"line":5,"column":66}},"5":{"start":{"line":6,"column":20},"end":{"line":6,"column":66}},"6":{"start":{"line":9,"column":0},"end":{"line":9,"column":47}},"7":{"start":{"line":10,"column":0},"end":{"line":10,"column":41}},"8":{"start":{"line":11,"column":0},"end":{"line":11,"column":57}},"9":{"start":{"line":12,"column":0},"end":{"line":12,"column":57}},"10":{"start":{"line":13,"column":0},"end":{"line":13,"column":57}},"11":{"start":{"line":14,"column":0},"end":{"line":14,"column":43}},"12":{"start":{"line":48,"column":0},"end":{"line":75,"column":2}},"13":{"start":{"line":68,"column":19},"end":{"line":68,"column":40}},"14":{"start":{"line":69,"column":4},"end":{"line":71,"column":5}},"15":{"start":{"line":70,"column":6},"end":{"line":70,"column":62}},"16":{"start":{"line":72,"column":4},"end":{"line":72,"column":11}},"17":{"start":{"line":109,"column":0},"end":{"line":123,"column":2}},"18":{"start":{"line":116,"column":19},"end":{"line":116,"column":40}},"19":{"start":{"line":117,"column":4},"end":{"line":119,"column":5}},"20":{"start":{"line":118,"column":6},"end":{"line":118,"column":62}},"21":{"start":{"line":120,"column":4},"end":{"line":120,"column":11}},"22":{"start":{"line":157,"column":0},"end":{"line":173,"column":2}},"23":{"start":{"line":166,"column":19},"end":{"line":166,"column":40}},"24":{"start":{"line":167,"column":4},"end":{"line":169,"column":5}},"25":{"start":{"line":168,"column":6},"end":{"line":168,"column":62}},"26":{"start":{"line":170,"column":4},"end":{"line":170,"column":11}},"27":{"start":{"line":207,"column":0},"end":{"line":221,"column":2}},"28":{"start":{"line":214,"column":19},"end":{"line":214,"column":40}},"29":{"start":{"line":215,"column":4},"end":{"line":217,"column":5}},"30":{"start":{"line":216,"column":6},"end":{"line":216,"column":62}},"31":{"start":{"line":218,"column":4},"end":{"line":218,"column":11}},"32":{"start":{"line":255,"column":0},"end":{"line":268,"column":2}},"33":{"start":{"line":261,"column":19},"end":{"line":261,"column":40}},"34":{"start":{"line":262,"column":4},"end":{"line":264,"column":5}},"35":{"start":{"line":263,"column":6},"end":{"line":263,"column":62}},"36":{"start":{"line":265,"column":4},"end":{"line":265,"column":11}},"37":{"start":{"line":302,"column":0},"end":{"line":302,"column":47}},"38":{"start":{"line":304,"column":0},"end":{"line":304,"column":24}}},"fnMap":{"0":{"name":"(anonymous_0)","decl":{"start":{"line":67,"column":2},"end":{"line":67,"column":3}},"loc":{"start":{"line":67,"column":28},"end":{"line":73,"column":3}},"line":67},"1":{"name":"(anonymous_1)","decl":{"start":{"line":115,"column":2},"end":{"line":115,"column":3}},"loc":{"start":{"line":115,"column":28},"end":{"line":121,"column":3}},"line":115},"2":{"name":"(anonymous_2)","decl":{"start":{"line":165,"column":2},"end":{"line":165,"column":3}},"loc":{"start":{"line":165,"column":28},"end":{"line":171,"column":3}},"line":165},"3":{"name":"(anonymous_3)","decl":{"start":{"line":213,"column":2},"end":{"line":213,"column":3}},"loc":{"start":{"line":213,"column":28},"end":{"line":219,"column":3}},"line":213},"4":{"name":"(anonymous_4)","decl":{"start":{"line":260,"column":2},"end":{"line":260,"column":3}},"loc":{"start":{"line":260,"column":28},"end":{"line":266,"column":3}},"line":260}},"branchMap":{"0":{"loc":{"start":{"line":69,"column":4},"end":{"line":71,"column":5}},"type":"if","locations":[{"start":{"line":69,"column":4},"end":{"line":71,"column":5}},{"start":{},"end":{}}],"line":69},"1":{"loc":{"start":{"line":117,"column":4},"end":{"line":119,"column":5}},"type":"if","locations":[{"start":{"line":117,"column":4},"end":{"line":119,"column":5}},{"start":{},"end":{}}],"line":117},"2":{"loc":{"start":{"line":167,"column":4},"end":{"line":169,"column":5}},"type":"if","locations":[{"start":{"line":167,"column":4},"end":{"line":169,"column":5}},{"start":{},"end":{}}],"line":167},"3":{"loc":{"start":{"line":215,"column":4},"end":{"line":217,"column":5}},"type":"if","locations":[{"start":{"line":215,"column":4},"end":{"line":217,"column":5}},{"start":{},"end":{}}],"line":215},"4":{"loc":{"start":{"line":262,"column":4},"end":{"line":264,"column":5}},"type":"if","locations":[{"start":{"line":262,"column":4},"end":{"line":264,"column":5}},{"start":{},"end":{}}],"line":262}},"s":{"0":1,"1":1,"2":1,"3":1,"4":1,"5":1,"6":1,"7":1,"8":1,"9":1,"10":1,"11":1,"12":1,"13":1,"14":1,"15":1,"16":0,"17":1,"18":0,"19":0,"20":0,"21":0,"22":1,"23":0,"24":0,"25":0,"26":0,"27":1,"28":0,"29":0,"30":0,"31":0,"32":1,"33":0,"34":0,"35":0,"36":0,"37":1,"38":1},"f":{"0":1,"1":0,"2":0,"3":0,"4":0},"b":{"0":[1,0],"1":[0,0],"2":[0,0],"3":[0,0],"4":[0,0]},"_coverageSchema":"1a1c01bbd47fc00a2c39e90264f33305004495a9","hash":"3999b53e2e370e46a78ab0fcb352acc234719d99"}
}
